C:\Program Files (x86)\Microsoft Visual Studio\2019\Community\MSBuild\Microsoft\VC\v160\Microsoft.CppBuild.targets(504,5): warning MSB8004: Intermediate Directory does not end with a trailing slash.  This build instance will add the slash as it is required to allow proper evaluation of the Intermediate Directory.
C:\Program Files (x86)\Microsoft Visual Studio\2019\Community\MSBuild\Microsoft\VC\v160\Microsoft.CppBuild.targets(505,5): warning MSB8004: Output Directory does not end with a trailing slash.  This build instance will add the slash as it is required to allow proper evaluation of the Output Directory.
  Building Custom Rule C:/Users/Louis Proffit/OneDrive/Git/PSC/Codes Java/mouvement_3d_cpp/CMakeLists.txt
  basic_types.cpp
  error.cpp
  rand.cpp
  string.cpp
  test_buffer.cpp
  test_buffer_stack.cpp
  test_grid.cpp
  test_grid_stack_2D.cpp
  offset_grid.cpp
  curve_drawable.cpp
  hierarchy_mesh_drawable.cpp
  hierarchy_mesh_drawable_node.cpp
  mesh_drawable.cpp
  mesh_normal_drawable.cpp
  mesh_wireframe_drawable.cpp
  segments_drawable.cpp
  shading_parameters.cpp
  trajectory_drawable.cpp
  image.cpp
  debug.cpp
  opengl_helper.cpp
  shaders.cpp
  texture.cpp
  uniform.cpp
  window.cpp
  files.cpp
  camera_around_center.cpp
  camera_base.cpp
  camera_head.cpp
  camera_spherical_coordinates.cpp
  common_functions.cpp
  glfw_interaction.cpp
  gui.cpp
  timer_basic.cpp
  timer_event_periodic.cpp
  timer_fps.cpp
  timer_interval.cpp
  velocity_tracker.cpp
  affine_rt.cpp
  affine_rts.cpp
  frame.cpp
  interpolation.cpp
  mat4.cpp
  test_matrix_stack.cpp
  projection.cpp
  quaternion.cpp
  rotation.cpp
  test_rotation.cpp
  test_vec_mat.cpp
  vec_mat.cpp
  shaders_preset.cpp
  curve.cpp
  intersection.cpp
  obj.cpp
  mesh_primitive.cpp
  mesh.cpp
  noise.cpp
  glad.cpp
  imgui.cpp
  imgui_demo.cpp
  imgui_draw.cpp
  imgui_impl_glfw.cpp
  imgui_impl_opengl3.cpp
  imgui_widgets.cpp
  lodepng.cpp
  simplexnoise1234.cpp
  drone.cpp
  main.cpp
  terrain.cpp
C:\Users\Louis Proffit\OneDrive\Git\PSC\Codes Java\mouvement_3d_cpp\src\terrain.cpp(24,40): warning C4305: 'initializing': truncation from 'double' to 'float'
C:\Users\Louis Proffit\OneDrive\Git\PSC\Codes Java\mouvement_3d_cpp\src\terrain.cpp(26,40): warning C4305: 'initializing': truncation from 'double' to 'float'
  special_types.cpp
  special_types.cpp
  mouvement_3d_cpp.vcxproj -> C:\Users\Louis Proffit\OneDrive\Git\PSC\Codes Java\mouvement_3d_cpp\mouvement_3d_cpp.exe
